2024-11-18 23:37:27,885 - INFO - Tentative d'exécution du fichier : C:\Users\User\Downloads\minikube-installer.exe
2024-11-18 23:37:30,010 - ERROR - Erreur lors de la connexion à la base de données : 2003 (HY000): Can't connect to MySQL server on '127.0.0.1:3306' (10061)
2024-11-18 23:42:44,407 - INFO - Tentative d'exécution du fichier : C:\Users\User\Downloads\minikube-installer.exe
2024-11-18 23:42:44,574 - INFO - Connexion sécurisée avec chiffrement : TLS_AES_128_GCM_SHA256
2024-11-18 23:42:44,579 - WARNING - Exécution bloquée pour C:\Users\User\Downloads\minikube-installer.exe : Fichier potentiellement dangereux
2024-11-18 23:48:40,727 - INFO - Tentative d'exécution du fichier : C:\Users\User\Downloads\minikube-installer.exe
2024-11-18 23:48:40,831 - WARNING - Exécution bloquée pour C:\Users\User\Downloads\minikube-installer.exe : Fichier potentiellement dangereux
2024-11-18 23:52:18,736 - INFO - Tentative d'exécution du fichier : C:\Users\User\Downloads\minikube-installer.exe
2024-11-18 23:52:18,837 - WARNING - Exécution bloquée pour C:\Users\User\Downloads\minikube-installer.exe : Fichier potentiellement dangereux
2024-11-18 23:52:18,859 - ERROR - Erreur lors de la modification des permissions pour C:\Users\User\Downloads\minikube-installer.exe : Command 'icacls "C:\Users\User\Downloads\minikube-installer.exe" /deny Everyone:(X)' returned non-zero exit status 1332.
2024-11-18 23:54:52,295 - INFO - Tentative d'exécution du fichier : C:\Users\User\Downloads\minikube-installer.exe
2024-11-18 23:54:52,396 - WARNING - Exécution bloquée pour C:\Users\User\Downloads\minikube-installer.exe : Fichier potentiellement dangereux
2024-11-18 23:54:52,399 - ERROR - Erreur lors de la modification des permissions pour C:\Users\User\Downloads\minikube-installer.exe : [WinError 2] Le fichier spécifié est introuvable
2024-11-18 23:55:57,343 - INFO - Tentative d'exécution du fichier : C:\Users\User\Downloads\minikube-installer.exe
2024-11-18 23:55:57,456 - WARNING - Exécution bloquée pour C:\Users\User\Downloads\minikube-installer.exe : Fichier potentiellement dangereux
2024-11-18 23:55:57,484 - ERROR - Erreur lors de la modification des permissions pour C:\Users\User\Downloads\minikube-installer.exe : Command 'icacls "C:\Users\User\Downloads\minikube-installer.exe" /deny Everyone:(X)' returned non-zero exit status 1332.
2024-11-18 23:57:27,560 - INFO - Tentative d'exécution du fichier : \\wsl.localhost\Ubuntu\home\minikube-installer.exe
2024-11-18 23:57:28,730 - WARNING - Exécution bloquée pour \\wsl.localhost\Ubuntu\home\minikube-installer.exe : Fichier potentiellement dangereux
2024-11-18 23:57:28,757 - ERROR - Erreur lors de la modification des permissions pour \\wsl.localhost\Ubuntu\home\minikube-installer.exe : Command 'icacls "\\wsl.localhost\Ubuntu\home\minikube-installer.exe" /deny Everyone:(X)' returned non-zero exit status 1332.
2024-11-18 23:57:46,342 - INFO - Tentative d'exécution du fichier : \\wsl.localhost\Ubuntu\home\minikube-installer.exe
2024-11-18 23:57:47,514 - WARNING - Exécution bloquée pour \\wsl.localhost\Ubuntu\home\minikube-installer.exe : Fichier potentiellement dangereux
2024-11-18 23:57:47,515 - ERROR - Erreur lors de la modification des permissions pour \\wsl.localhost\Ubuntu\home\minikube-installer.exe : [WinError 2] Le fichier spécifié est introuvable
2024-11-18 23:59:14,375 - INFO - Tentative d'exécution du fichier : def get_file_hash(file_path):
2024-11-18 23:59:14,375 - ERROR - Fichier invalide ou introuvable : def get_file_hash(file_path):
2024-11-18 23:59:14,375 - INFO - Tentative d'exécution du fichier :     """
2024-11-18 23:59:14,375 - ERROR - Fichier invalide ou introuvable :     """
2024-11-18 23:59:14,375 - INFO - Tentative d'exécution du fichier :     Calcule le hash SHA-256 d'un fichier.
2024-11-18 23:59:14,375 - ERROR - Fichier invalide ou introuvable :     Calcule le hash SHA-256 d'un fichier.
2024-11-18 23:59:14,375 - INFO - Tentative d'exécution du fichier :     """
2024-11-18 23:59:14,375 - ERROR - Fichier invalide ou introuvable :     """
2024-11-18 23:59:14,375 - INFO - Tentative d'exécution du fichier :     try:
2024-11-18 23:59:14,375 - ERROR - Fichier invalide ou introuvable :     try:
2024-11-18 23:59:14,375 - INFO - Tentative d'exécution du fichier :         sha256_hash = hashlib.sha256()
2024-11-18 23:59:14,375 - ERROR - Fichier invalide ou introuvable :         sha256_hash = hashlib.sha256()
2024-11-18 23:59:14,375 - INFO - Tentative d'exécution du fichier :         with open(file_path, "rb") as f:
2024-11-18 23:59:14,375 - ERROR - Fichier invalide ou introuvable :         with open(file_path, "rb") as f:
2024-11-18 23:59:14,375 - INFO - Tentative d'exécution du fichier :             for byte_block in iter(lambda: f.read(4096), b""):
2024-11-18 23:59:14,375 - ERROR - Fichier invalide ou introuvable :             for byte_block in iter(lambda: f.read(4096), b""):
2024-11-18 23:59:14,375 - INFO - Tentative d'exécution du fichier :                 sha256_hash.update(byte_block)
2024-11-18 23:59:14,375 - ERROR - Fichier invalide ou introuvable :                 sha256_hash.update(byte_block)
2024-11-18 23:59:14,375 - INFO - Tentative d'exécution du fichier :         return sha256_hash.hexdigest()
2024-11-18 23:59:14,375 - ERROR - Fichier invalide ou introuvable :         return sha256_hash.hexdigest()
2024-11-18 23:59:14,375 - INFO - Tentative d'exécution du fichier :     except FileNotFoundError:
2024-11-18 23:59:14,375 - ERROR - Fichier invalide ou introuvable :     except FileNotFoundError:
2024-11-18 23:59:14,375 - INFO - Tentative d'exécution du fichier :         logging.error(f"Le fichier {file_path} est introuvable.")
2024-11-18 23:59:14,375 - ERROR - Fichier invalide ou introuvable :         logging.error(f"Le fichier {file_path} est introuvable.")
2024-11-18 23:59:14,375 - INFO - Tentative d'exécution du fichier :         print(f"Erreur : Le fichier {file_path} est introuvable.")
2024-11-18 23:59:14,377 - ERROR - Fichier invalide ou introuvable :         print(f"Erreur : Le fichier {file_path} est introuvable.")
2024-11-18 23:59:14,377 - INFO - Tentative d'exécution du fichier :         return None
2024-11-18 23:59:14,377 - ERROR - Fichier invalide ou introuvable :         return None
2024-11-18 23:59:14,377 - INFO - Tentative d'exécution du fichier :     except Exception as e:
2024-11-18 23:59:14,377 - ERROR - Fichier invalide ou introuvable :     except Exception as e:
2024-11-18 23:59:14,377 - INFO - Tentative d'exécution du fichier :         logging.error(f"Erreur lors du calcul du hash pour {file_path} : {e}")
2024-11-18 23:59:14,377 - ERROR - Fichier invalide ou introuvable :         logging.error(f"Erreur lors du calcul du hash pour {file_path} : {e}")
2024-11-18 23:59:14,377 - INFO - Tentative d'exécution du fichier :         print(f"Erreur lors du calcul du hash pour {file_path} : {e}")
2024-11-18 23:59:14,377 - ERROR - Fichier invalide ou introuvable :         print(f"Erreur lors du calcul du hash pour {file_path} : {e}")
2024-11-18 23:59:14,377 - INFO - Tentative d'exécution du fichier :         return None
2024-11-18 23:59:14,377 - ERROR - Fichier invalide ou introuvable :         return None
2024-11-18 23:59:14,377 - INFO - Tentative d'exécution du fichier : 
2024-11-18 23:59:14,377 - ERROR - Fichier invalide ou introuvable : 
2024-11-18 23:59:14,377 - INFO - Tentative d'exécution du fichier : 
2024-11-18 23:59:14,377 - ERROR - Fichier invalide ou introuvable : 
2024-11-18 23:59:14,377 - INFO - Tentative d'exécution du fichier : def check_file_in_db(file_hash):
2024-11-18 23:59:14,378 - ERROR - Fichier invalide ou introuvable : def check_file_in_db(file_hash):
2024-11-18 23:59:14,378 - INFO - Tentative d'exécution du fichier :     """
2024-11-18 23:59:14,378 - ERROR - Fichier invalide ou introuvable :     """
2024-11-18 23:59:14,378 - INFO - Tentative d'exécution du fichier :     Vérifie si le hash du fichier existe dans la base de données.
2024-11-18 23:59:14,378 - ERROR - Fichier invalide ou introuvable :     Vérifie si le hash du fichier existe dans la base de données.
2024-11-18 23:59:14,378 - INFO - Tentative d'exécution du fichier :     """
2024-11-18 23:59:14,378 - ERROR - Fichier invalide ou introuvable :     """
2024-11-18 23:59:14,378 - INFO - Tentative d'exécution du fichier :     try:
2024-11-18 23:59:14,378 - ERROR - Fichier invalide ou introuvable :     try:
2024-11-18 23:59:14,378 - INFO - Tentative d'exécution du fichier :         connection = mysql.connector.connect(**db_config)
2024-11-18 23:59:14,378 - ERROR - Fichier invalide ou introuvable :         connection = mysql.connector.connect(**db_config)
2024-11-18 23:59:14,378 - INFO - Tentative d'exécution du fichier :         cursor = connection.cursor(dictionary=True)
2024-11-18 23:59:14,378 - ERROR - Fichier invalide ou introuvable :         cursor = connection.cursor(dictionary=True)
2024-11-18 23:59:14,378 - INFO - Tentative d'exécution du fichier : 
2024-11-18 23:59:14,378 - ERROR - Fichier invalide ou introuvable : 
2024-11-18 23:59:14,378 - INFO - Tentative d'exécution du fichier :         # Vérification du fichier dans la base
2024-11-18 23:59:14,378 - ERROR - Fichier invalide ou introuvable :         # Vérification du fichier dans la base
2024-11-18 23:59:14,378 - INFO - Tentative d'exécution du fichier :         query = "SELECT description FROM Hash_256 WHERE file_hash = %s"
2024-11-18 23:59:14,378 - ERROR - Fichier invalide ou introuvable :         query = "SELECT description FROM Hash_256 WHERE file_hash = %s"
2024-11-18 23:59:14,378 - INFO - Tentative d'exécution du fichier :         cursor.execute(query, (file_hash,))
2024-11-18 23:59:14,379 - ERROR - Fichier invalide ou introuvable :         cursor.execute(query, (file_hash,))
2024-11-18 23:59:14,379 - INFO - Tentative d'exécution du fichier :         result = cursor.fetchone()
2024-11-18 23:59:14,379 - ERROR - Fichier invalide ou introuvable :         result = cursor.fetchone()
2024-11-18 23:59:14,379 - INFO - Tentative d'exécution du fichier :         if result:
2024-11-18 23:59:14,379 - ERROR - Fichier invalide ou introuvable :         if result:
2024-11-18 23:59:14,379 - INFO - Tentative d'exécution du fichier :             return {"status": "blocked", "description": result["description"]}
2024-11-18 23:59:14,379 - ERROR - Fichier invalide ou introuvable :             return {"status": "blocked", "description": result["description"]}
2024-11-18 23:59:14,379 - INFO - Tentative d'exécution du fichier :         else:
2024-11-18 23:59:14,379 - ERROR - Fichier invalide ou introuvable :         else:
2024-11-18 23:59:14,379 - INFO - Tentative d'exécution du fichier :             return {"status": "allowed"}
2024-11-18 23:59:14,379 - ERROR - Fichier invalide ou introuvable :             return {"status": "allowed"}
2024-11-18 23:59:14,379 - INFO - Tentative d'exécution du fichier :     except Error as e:
2024-11-18 23:59:14,379 - ERROR - Fichier invalide ou introuvable :     except Error as e:
2024-11-18 23:59:14,379 - INFO - Tentative d'exécution du fichier :         logging.error(f"Erreur lors de la connexion à la base de données : {e}")
2024-11-18 23:59:14,379 - ERROR - Fichier invalide ou introuvable :         logging.error(f"Erreur lors de la connexion à la base de données : {e}")
2024-11-18 23:59:14,379 - INFO - Tentative d'exécution du fichier :         print(f"Erreur lors de la connexion à la base de données : {e}")
2024-11-18 23:59:14,379 - ERROR - Fichier invalide ou introuvable :         print(f"Erreur lors de la connexion à la base de données : {e}")
2024-11-18 23:59:14,379 - INFO - Tentative d'exécution du fichier :         return {"status": "error", "message": str(e)}
2024-11-18 23:59:14,379 - ERROR - Fichier invalide ou introuvable :         return {"status": "error", "message": str(e)}
2024-11-18 23:59:14,379 - INFO - Tentative d'exécution du fichier :     finally:
2024-11-18 23:59:14,380 - ERROR - Fichier invalide ou introuvable :     finally:
2024-11-18 23:59:14,380 - INFO - Tentative d'exécution du fichier :         if 'cursor' in locals():
2024-11-18 23:59:14,380 - ERROR - Fichier invalide ou introuvable :         if 'cursor' in locals():
2024-11-18 23:59:14,380 - INFO - Tentative d'exécution du fichier :             cursor.close()
2024-11-18 23:59:14,380 - ERROR - Fichier invalide ou introuvable :             cursor.close()
2024-11-18 23:59:14,380 - INFO - Tentative d'exécution du fichier :         if 'connection' in locals() and connection.is_connected():
2024-11-18 23:59:14,380 - ERROR - Fichier invalide ou introuvable :         if 'connection' in locals() and connection.is_connected():
2024-11-18 23:59:14,380 - INFO - Tentative d'exécution du fichier :             connection.close()
2024-11-18 23:59:14,380 - ERROR - Fichier invalide ou introuvable :             connection.close()
2024-11-18 23:59:14,380 - INFO - Tentative d'exécution du fichier : 
2024-11-18 23:59:14,380 - ERROR - Fichier invalide ou introuvable : 
2024-11-18 23:59:14,380 - INFO - Tentative d'exécution du fichier : 
2024-11-18 23:59:14,380 - ERROR - Fichier invalide ou introuvable : 
2024-11-18 23:59:14,380 - INFO - Tentative d'exécution du fichier : def block_execution(file_path):
2024-11-18 23:59:14,380 - ERROR - Fichier invalide ou introuvable : def block_execution(file_path):
2024-11-18 23:59:14,380 - INFO - Tentative d'exécution du fichier :     """
2024-11-18 23:59:14,381 - ERROR - Fichier invalide ou introuvable :     """
2024-11-18 23:59:14,381 - INFO - Tentative d'exécution du fichier :     Révoque les permissions d'exécution du fichier sous WSL en utilisant chmod.
2024-11-18 23:59:14,381 - ERROR - Fichier invalide ou introuvable :     Révoque les permissions d'exécution du fichier sous WSL en utilisant chmod.
2024-11-18 23:59:14,381 - INFO - Tentative d'exécution du fichier :     """
2024-11-18 23:59:14,381 - ERROR - Fichier invalide ou introuvable :     """
2024-11-18 23:59:14,381 - INFO - Tentative d'exécution du fichier :     try:
2024-11-18 23:59:14,381 - ERROR - Fichier invalide ou introuvable :     try:
2024-11-18 23:59:14,381 - INFO - Tentative d'exécution du fichier :         # Révoquer les permissions d'exécution
2024-11-18 23:59:14,381 - ERROR - Fichier invalide ou introuvable :         # Révoquer les permissions d'exécution
2024-11-18 23:59:14,381 - INFO - Tentative d'exécution du fichier :         subprocess.run(["chmod", "-x", file_path], check=True)
2024-11-18 23:59:14,381 - ERROR - Fichier invalide ou introuvable :         subprocess.run(["chmod", "-x", file_path], check=True)
2024-11-18 23:59:14,381 - INFO - Tentative d'exécution du fichier :         print(f"Permissions d'exécution révoquées pour : {file_path}")
2024-11-18 23:59:14,381 - ERROR - Fichier invalide ou introuvable :         print(f"Permissions d'exécution révoquées pour : {file_path}")
2024-11-18 23:59:14,381 - INFO - Tentative d'exécution du fichier :         logging.info(f"Permissions révoquées pour : {file_path}")
2024-11-18 23:59:14,381 - ERROR - Fichier invalide ou introuvable :         logging.info(f"Permissions révoquées pour : {file_path}")
2024-11-18 23:59:14,381 - INFO - Tentative d'exécution du fichier :     except subprocess.CalledProcessError as e:
2024-11-18 23:59:14,381 - ERROR - Fichier invalide ou introuvable :     except subprocess.CalledProcessError as e:
2024-11-18 23:59:14,381 - INFO - Tentative d'exécution du fichier :         print(f"Erreur lors de la modification des permissions : {e}")
2024-11-18 23:59:14,381 - ERROR - Fichier invalide ou introuvable :         print(f"Erreur lors de la modification des permissions : {e}")
2024-11-18 23:59:14,381 - INFO - Tentative d'exécution du fichier :         logging.error(f"Erreur lors de la modification des permissions pour {file_path} : {e}")
2024-11-18 23:59:14,382 - ERROR - Fichier invalide ou introuvable :         logging.error(f"Erreur lors de la modification des permissions pour {file_path} : {e}")
2024-11-18 23:59:14,382 - INFO - Tentative d'exécution du fichier :     except FileNotFoundError:
2024-11-18 23:59:14,382 - ERROR - Fichier invalide ou introuvable :     except FileNotFoundError:
2024-11-18 23:59:14,382 - INFO - Tentative d'exécution du fichier :         print(f"Erreur : Le fichier spécifié est introuvable ({file_path}).")
2024-11-18 23:59:14,382 - ERROR - Fichier invalide ou introuvable :         print(f"Erreur : Le fichier spécifié est introuvable ({file_path}).")
2024-11-18 23:59:14,382 - INFO - Tentative d'exécution du fichier :         logging.error(f"Le fichier spécifié est introuvable : {file_path}")
2024-11-18 23:59:14,382 - ERROR - Fichier invalide ou introuvable :         logging.error(f"Le fichier spécifié est introuvable : {file_path}")
2024-11-18 23:59:14,382 - INFO - Tentative d'exécution du fichier :     except Exception as e:
2024-11-18 23:59:14,382 - ERROR - Fichier invalide ou introuvable :     except Exception as e:
2024-11-18 23:59:14,382 - INFO - Tentative d'exécution du fichier :         print(f"Erreur inattendue : {e}")
2024-11-18 23:59:14,382 - ERROR - Fichier invalide ou introuvable :         print(f"Erreur inattendue : {e}")
2024-11-18 23:59:14,382 - INFO - Tentative d'exécution du fichier :         logging.error(f"Erreur inattendue lors de la modification des permissions pour {file_path} : {e}")
2024-11-18 23:59:14,383 - ERROR - Fichier invalide ou introuvable :         logging.error(f"Erreur inattendue lors de la modification des permissions pour {file_path} : {e}")
2024-11-18 23:59:14,383 - INFO - Tentative d'exécution du fichier : 
2024-11-18 23:59:14,383 - ERROR - Fichier invalide ou introuvable : 
2024-11-18 23:59:14,383 - INFO - Tentative d'exécution du fichier : 
2024-11-18 23:59:14,383 - ERROR - Fichier invalide ou introuvable : 
2024-11-18 23:59:14,383 - INFO - Tentative d'exécution du fichier : def execute_file(file_path):
2024-11-18 23:59:14,383 - ERROR - Fichier invalide ou introuvable : def execute_file(file_path):
2024-11-18 23:59:14,383 - INFO - Tentative d'exécution du fichier :     """
2024-11-18 23:59:14,383 - ERROR - Fichier invalide ou introuvable :     """
2024-11-18 23:59:14,383 - INFO - Tentative d'exécution du fichier :     Vérifie le hash du fichier avant de l'exécuter.
2024-11-18 23:59:14,383 - ERROR - Fichier invalide ou introuvable :     Vérifie le hash du fichier avant de l'exécuter.
2024-11-18 23:59:14,383 - INFO - Tentative d'exécution du fichier :     Si malveillant, les permissions d'exécution sont révoquées.
2024-11-18 23:59:14,383 - ERROR - Fichier invalide ou introuvable :     Si malveillant, les permissions d'exécution sont révoquées.
2024-11-18 23:59:14,383 - INFO - Tentative d'exécution du fichier :     """
2024-11-18 23:59:14,383 - ERROR - Fichier invalide ou introuvable :     """
2024-11-18 23:59:14,383 - INFO - Tentative d'exécution du fichier :     print(f"\nTentative d'exécution du fichier : {file_path}")
2024-11-18 23:59:14,383 - ERROR - Fichier invalide ou introuvable :     print(f"\nTentative d'exécution du fichier : {file_path}")
2024-11-18 23:59:14,383 - INFO - Tentative d'exécution du fichier :     logging.info(f"Tentative d'exécution du fichier : {file_path}")
2024-11-18 23:59:14,383 - ERROR - Fichier invalide ou introuvable :     logging.info(f"Tentative d'exécution du fichier : {file_path}")
2024-11-18 23:59:14,383 - INFO - Tentative d'exécution du fichier : 
2024-11-18 23:59:14,383 - ERROR - Fichier invalide ou introuvable : 
2024-11-18 23:59:14,384 - INFO - Tentative d'exécution du fichier :     # Vérification du fichier
2024-11-18 23:59:14,384 - ERROR - Fichier invalide ou introuvable :     # Vérification du fichier
2024-11-18 23:59:14,384 - INFO - Tentative d'exécution du fichier :     if not os.path.exists(file_path):
2024-11-18 23:59:14,384 - ERROR - Fichier invalide ou introuvable :     if not os.path.exists(file_path):
2024-11-18 23:59:14,384 - INFO - Tentative d'exécution du fichier :         print(f"Erreur : {file_path} n'existe pas ou n'est pas un fichier exécutable.")
2024-11-18 23:59:14,384 - ERROR - Fichier invalide ou introuvable :         print(f"Erreur : {file_path} n'existe pas ou n'est pas un fichier exécutable.")
2024-11-18 23:59:14,384 - INFO - Tentative d'exécution du fichier :         logging.error(f"Fichier invalide ou introuvable : {file_path}")
2024-11-18 23:59:14,384 - ERROR - Fichier invalide ou introuvable :         logging.error(f"Fichier invalide ou introuvable : {file_path}")
2024-11-18 23:59:14,384 - INFO - Tentative d'exécution du fichier :         return
2024-11-18 23:59:14,384 - ERROR - Fichier invalide ou introuvable :         return
2024-11-18 23:59:14,384 - INFO - Tentative d'exécution du fichier : 
2024-11-18 23:59:14,384 - ERROR - Fichier invalide ou introuvable : 
2024-11-18 23:59:14,384 - INFO - Tentative d'exécution du fichier :     # Calcul du hash
2024-11-18 23:59:14,384 - ERROR - Fichier invalide ou introuvable :     # Calcul du hash
2024-11-18 23:59:14,384 - INFO - Tentative d'exécution du fichier :     file_hash = get_file_hash(file_path)
2024-11-18 23:59:14,384 - ERROR - Fichier invalide ou introuvable :     file_hash = get_file_hash(file_path)
2024-11-18 23:59:14,384 - INFO - Tentative d'exécution du fichier :     if not file_hash:
2024-11-18 23:59:14,384 - ERROR - Fichier invalide ou introuvable :     if not file_hash:
2024-11-18 23:59:14,384 - INFO - Tentative d'exécution du fichier :         print("Erreur : Impossible de calculer le hash du fichier.")
2024-11-18 23:59:14,384 - ERROR - Fichier invalide ou introuvable :         print("Erreur : Impossible de calculer le hash du fichier.")
2024-11-18 23:59:14,384 - INFO - Tentative d'exécution du fichier :         return
2024-11-18 23:59:14,384 - ERROR - Fichier invalide ou introuvable :         return
2024-11-18 23:59:14,384 - INFO - Tentative d'exécution du fichier : 
2024-11-18 23:59:14,384 - ERROR - Fichier invalide ou introuvable : 
2024-11-18 23:59:14,384 - INFO - Tentative d'exécution du fichier :     # Vérification dans la base de données
2024-11-18 23:59:14,384 - ERROR - Fichier invalide ou introuvable :     # Vérification dans la base de données
2024-11-18 23:59:14,384 - INFO - Tentative d'exécution du fichier :     result = check_file_in_db(file_hash)
2024-11-18 23:59:14,384 - ERROR - Fichier invalide ou introuvable :     result = check_file_in_db(file_hash)
2024-11-18 23:59:14,384 - INFO - Tentative d'exécution du fichier :     if result["status"] == "blocked":
2024-11-18 23:59:14,384 - ERROR - Fichier invalide ou introuvable :     if result["status"] == "blocked":
2024-11-18 23:59:14,384 - INFO - Tentative d'exécution du fichier :         print(f"ALERTE : Ce fichier est identifié comme malveillant et ne peut pas être exécuté.")
2024-11-18 23:59:14,384 - ERROR - Fichier invalide ou introuvable :         print(f"ALERTE : Ce fichier est identifié comme malveillant et ne peut pas être exécuté.")
2024-11-18 23:59:14,384 - INFO - Tentative d'exécution du fichier :         print(f"Raison : {result['description']}")
2024-11-18 23:59:14,384 - ERROR - Fichier invalide ou introuvable :         print(f"Raison : {result['description']}")
2024-11-18 23:59:14,384 - INFO - Tentative d'exécution du fichier :         logging.warning(f"Exécution bloquée pour {file_path} : {result['description']}")
2024-11-18 23:59:14,384 - ERROR - Fichier invalide ou introuvable :         logging.warning(f"Exécution bloquée pour {file_path} : {result['description']}")
2024-11-18 23:59:14,384 - INFO - Tentative d'exécution du fichier :         # Révoquer les permissions d'exécution
2024-11-18 23:59:14,384 - ERROR - Fichier invalide ou introuvable :         # Révoquer les permissions d'exécution
2024-11-18 23:59:14,384 - INFO - Tentative d'exécution du fichier :         block_execution(file_path)
2024-11-18 23:59:14,385 - ERROR - Fichier invalide ou introuvable :         block_execution(file_path)
2024-11-18 23:59:14,385 - INFO - Tentative d'exécution du fichier :     elif result["status"] == "allowed":
2024-11-18 23:59:14,385 - ERROR - Fichier invalide ou introuvable :     elif result["status"] == "allowed":
2024-11-18 23:59:14,385 - INFO - Tentative d'exécution du fichier :         print(f"Le fichier est sûr. Exécution en cours...")
2024-11-18 23:59:14,385 - ERROR - Fichier invalide ou introuvable :         print(f"Le fichier est sûr. Exécution en cours...")
2024-11-18 23:59:14,385 - INFO - Tentative d'exécution du fichier :         logging.info(f"Exécution autorisée pour {file_path}")
2024-11-18 23:59:14,385 - ERROR - Fichier invalide ou introuvable :         logging.info(f"Exécution autorisée pour {file_path}")
2024-11-18 23:59:14,385 - INFO - Tentative d'exécution du fichier :         try:
2024-11-18 23:59:14,385 - ERROR - Fichier invalide ou introuvable :         try:
2024-11-18 23:59:14,385 - INFO - Tentative d'exécution du fichier :             # Exécuter le fichier
2024-11-18 23:59:14,385 - ERROR - Fichier invalide ou introuvable :             # Exécuter le fichier
2024-11-18 23:59:14,385 - INFO - Tentative d'exécution du fichier :             subprocess.run(file_path, check=True)
2024-11-18 23:59:14,385 - ERROR - Fichier invalide ou introuvable :             subprocess.run(file_path, check=True)
2024-11-18 23:59:14,385 - INFO - Tentative d'exécution du fichier :         except subprocess.CalledProcessError as e:
2024-11-18 23:59:14,385 - ERROR - Fichier invalide ou introuvable :         except subprocess.CalledProcessError as e:
2024-11-18 23:59:14,387 - INFO - Tentative d'exécution du fichier :             logging.error(f"Erreur lors de l'exécution du fichier {file_path} : {e}")
2024-11-18 23:59:14,387 - ERROR - Fichier invalide ou introuvable :             logging.error(f"Erreur lors de l'exécution du fichier {file_path} : {e}")
2024-11-18 23:59:14,387 - INFO - Tentative d'exécution du fichier :             print(f"Erreur lors de l'exécution du fichier.")
2024-11-18 23:59:14,387 - ERROR - Fichier invalide ou introuvable :             print(f"Erreur lors de l'exécution du fichier.")
2024-11-18 23:59:14,387 - INFO - Tentative d'exécution du fichier :     else:
2024-11-18 23:59:14,387 - ERROR - Fichier invalide ou introuvable :     else:
2024-11-18 23:59:14,387 - INFO - Tentative d'exécution du fichier :         print(f"Erreur lors de la vérification de la base de données : {result['message']}")
2024-11-18 23:59:14,387 - ERROR - Fichier invalide ou introuvable :         print(f"Erreur lors de la vérification de la base de données : {result['message']}")
2024-11-18 23:59:14,387 - INFO - Tentative d'exécution du fichier : 
2024-11-18 23:59:14,387 - ERROR - Fichier invalide ou introuvable : 
2024-11-18 23:59:14,387 - INFO - Tentative d'exécution du fichier : 
2024-11-18 23:59:14,387 - ERROR - Fichier invalide ou introuvable : 
2024-11-18 23:59:14,387 - INFO - Tentative d'exécution du fichier : def main():
2024-11-18 23:59:14,387 - ERROR - Fichier invalide ou introuvable : def main():
2024-11-18 23:59:14,387 - INFO - Tentative d'exécution du fichier :     """
2024-11-18 23:59:14,387 - ERROR - Fichier invalide ou introuvable :     """
2024-11-18 23:59:14,388 - INFO - Tentative d'exécution du fichier :     Programme principal pour vérifier et exécuter un fichier.
2024-11-18 23:59:14,388 - ERROR - Fichier invalide ou introuvable :     Programme principal pour vérifier et exécuter un fichier.
2024-11-18 23:59:14,388 - INFO - Tentative d'exécution du fichier :     """
2024-11-18 23:59:14,388 - ERROR - Fichier invalide ou introuvable :     """
2024-11-18 23:59:14,388 - INFO - Tentative d'exécution du fichier :     while True:
2024-11-18 23:59:14,388 - ERROR - Fichier invalide ou introuvable :     while True:
2024-11-18 23:59:14,388 - INFO - Tentative d'exécution du fichier :         file_path = input("\nEntrez le chemin complet du fichier exécutable à vérifier (ou 'q' pour quitter) : ")
2024-11-18 23:59:14,388 - ERROR - Fichier invalide ou introuvable :         file_path = input("\nEntrez le chemin complet du fichier exécutable à vérifier (ou 'q' pour quitter) : ")
2024-11-18 23:59:14,388 - INFO - Tentative d'exécution du fichier :         if file_path.lower() == 'q':
2024-11-18 23:59:14,388 - ERROR - Fichier invalide ou introuvable :         if file_path.lower() == 'q':
2024-11-18 23:59:14,388 - INFO - Tentative d'exécution du fichier :             print("Programme terminé.")
2024-11-18 23:59:14,388 - ERROR - Fichier invalide ou introuvable :             print("Programme terminé.")
2024-11-18 23:59:14,388 - INFO - Tentative d'exécution du fichier :             break
2024-11-18 23:59:14,388 - ERROR - Fichier invalide ou introuvable :             break
2024-11-18 23:59:14,388 - INFO - Tentative d'exécution du fichier : 
2024-11-18 23:59:14,388 - ERROR - Fichier invalide ou introuvable : 
2024-11-18 23:59:14,389 - INFO - Tentative d'exécution du fichier :         execute_file(file_path)
2024-11-18 23:59:14,389 - ERROR - Fichier invalide ou introuvable :         execute_file(file_path)
2024-11-18 23:59:14,389 - INFO - Tentative d'exécution du fichier : 
2024-11-18 23:59:14,389 - ERROR - Fichier invalide ou introuvable : 
2024-11-18 23:59:14,389 - INFO - Tentative d'exécution du fichier : 
2024-11-18 23:59:14,389 - ERROR - Fichier invalide ou introuvable : 
2024-11-18 23:59:14,389 - INFO - Tentative d'exécution du fichier : if __name__ == "__main__":
2024-11-18 23:59:14,389 - ERROR - Fichier invalide ou introuvable : if __name__ == "__main__":
2024-11-18 23:59:14,389 - INFO - Tentative d'exécution du fichier :     main()
2024-11-18 23:59:14,389 - ERROR - Fichier invalide ou introuvable :     main()
2024-11-19 00:00:36,685 - INFO - Tentative d'exécution du fichier : \\wsl.localhost\Ubuntu\home\minikube-installer.exe
2024-11-19 00:00:37,876 - WARNING - Exécution bloquée pour \\wsl.localhost\Ubuntu\home\minikube-installer.exe : Fichier potentiellement dangereux
2024-11-19 00:00:37,877 - ERROR - Le fichier spécifié est introuvable : \\wsl.localhost\Ubuntu\home\minikube-installer.exe
2024-11-19 00:02:53,929 - INFO - Tentative d'exécution du fichier : /home/minikube-installer.exe
2024-11-19 00:02:53,929 - ERROR - Fichier invalide ou introuvable : /home/minikube-installer.exe
2024-11-19 00:05:04,760 - INFO - Tentative d'exécution du fichier : /home/minikube-installer.exe
2024-11-19 00:05:04,760 - ERROR - Fichier invalide ou introuvable : /home/minikube-installer.exe
2024-11-19 00:09:31,960 - INFO - Tentative d'exécution du fichier : /home/minikube-installer.exe
2024-11-19 00:09:31,961 - ERROR - Fichier invalide ou introuvable : /home/minikube-installer.exe
2024-11-19 00:11:06,611 - INFO - Vérification du chemin : /home/minikube-installer.exe
2024-11-19 00:11:06,612 - ERROR - Fichier invalide ou introuvable : /home/minikube-installer.exe
2024-11-19 00:12:57,416 - INFO - Vérification du chemin : "\\wsl.localhost\Ubuntu\home\minikube-installer.exe"
2024-11-19 00:12:57,416 - ERROR - Fichier invalide ou introuvable : "\\wsl.localhost\Ubuntu\home\minikube-installer.exe"
2024-11-19 00:13:04,733 - INFO - Vérification du chemin : \\wsl$\Ubuntu\home\minikube-installer.exe
2024-11-19 00:13:05,930 - WARNING - Exécution bloquée pour \\wsl$\Ubuntu\home\minikube-installer.exe : Fichier potentiellement dangereux
2024-11-19 00:13:05,932 - ERROR - Le fichier spécifié est introuvable : \\wsl$\Ubuntu\home\minikube-installer.exe
2024-11-20 21:45:10,906 - INFO - Vérification du chemin : C:\Users\User\Downloads\Install League of Legends na.exe
2024-11-20 21:45:11,188 - ERROR - Erreur lors de la connexion à la base de données : 2026 (HY000): SSL connection error: Unable to get certificate
2024-11-20 21:46:03,605 - INFO - Vérification du chemin : /home/minikube-installer.exe
2024-11-20 21:46:03,605 - ERROR - Fichier invalide ou introuvable : /home/minikube-installer.exe
2024-11-20 21:47:27,792 - INFO - Vérification du chemin : /home/minikube-installer.exe
2024-11-20 21:47:27,793 - ERROR - Fichier invalide ou introuvable : /home/minikube-installer.exe
2024-11-20 21:48:18,336 - INFO - Vérification du chemin : C:\Users\User\Downloads\minikube-installer.exe
2024-11-20 21:48:18,458 - ERROR - Erreur lors de la connexion à la base de données : 2026 (HY000): SSL connection error: Unable to get certificate
2024-11-20 21:55:50,675 - INFO - Vérification du chemin : dqv
2024-11-20 21:55:50,675 - ERROR - Fichier invalide ou introuvable : dqv
2024-11-20 21:56:41,026 - INFO - Vérification du chemin : C:\Users\User\Downloads\minikube-installer.exe
2024-11-20 21:56:43,175 - ERROR - Erreur lors de la connexion à la base de données : 2003 (HY000): Can't connect to MySQL server on '127.0.0.1:3306' (10061)
2024-11-20 22:02:35,125 - INFO - Vérification du chemin : /home/minikube-installer.exe
2024-11-20 22:02:35,126 - ERROR - Fichier invalide ou introuvable : /home/minikube-installer.exe
2024-11-20 22:06:13,739 - INFO - Vérification du chemin : C:\Users\User\minikube-installer.exe
2024-11-20 22:06:15,908 - ERROR - Erreur lors de la connexion à la base de données : 2003 (HY000): Can't connect to MySQL server on '127.0.0.1:3306' (10061)
2024-11-21 00:03:41,538 - INFO - Vérification du chemin : C:\Users\User\Downloads\minikube-installer.exe
2024-11-21 00:03:43,628 - ERROR - Erreur lors de la connexion à la base de données : 2003 (HY000): Can't connect to MySQL server on '127.0.0.1:3306' (10061)
2024-11-21 00:13:39,549 - INFO - Vérification du chemin : C:\Users\User\Downloads\minikube-installer.exe
2024-11-21 00:14:00,657 - ERROR - Erreur lors de la connexion à la base de données : 2003 (HY000): Can't connect to MySQL server on '172.24.144.1:3306' (10060)
2024-11-21 00:16:34,100 - INFO - Vérification du chemin : C:\Users\User\Downloads\minikube-installer.exe
2024-11-21 00:16:55,231 - ERROR - Erreur lors de la connexion à la base de données : 2003 (HY000): Can't connect to MySQL server on '172.24.144.1:3306' (10060)
2024-11-21 00:20:11,088 - INFO - Vérification du chemin : C:\Users\User\Downloads\minikube-installer.exe
2024-11-21 00:20:11,190 - ERROR - Erreur lors de la connexion à la base de données : 2026 (HY000): SSL connection error: Unable to get certificate
2024-11-21 00:20:52,983 - INFO - Vérification du chemin : C:\Users\User\Downloads\minikube-installer.exe
2024-11-21 00:20:53,074 - ERROR - Erreur lors de la connexion à la base de données : 2026 (HY000): SSL connection error: Unable to get certificate
2024-11-21 00:21:43,030 - INFO - Vérification du chemin : C:\Users\User\Downloads\minikube-installer.exe
2024-11-21 00:21:43,114 - ERROR - Erreur lors de la connexion à la base de données : 2026 (HY000): SSL connection error: Unable to get certificate
2024-11-21 00:25:51,529 - INFO - Vérification du chemin : C:\Users\User\Downloads\minikube-installer.exe
2024-11-21 00:26:12,672 - ERROR - Erreur lors de la connexion à la base de données : 2003 (HY000): Can't connect to MySQL server on '172.19.80.1:3306' (10060)
2024-11-21 00:37:39,482 - INFO - Vérification du chemin : C:\Users\User\Downloads\minikube-installer.exe
2024-11-21 00:37:39,567 - ERROR - Erreur lors de la connexion à la base de données : 2026 (HY000): SSL connection error: Unable to get certificate
2024-11-21 00:38:01,432 - INFO - Vérification du chemin : import os
2024-11-21 00:38:01,433 - ERROR - Fichier invalide ou introuvable : import os
2024-11-21 00:38:01,433 - INFO - Vérification du chemin : import hashlib
2024-11-21 00:38:01,433 - ERROR - Fichier invalide ou introuvable : import hashlib
2024-11-21 00:38:01,433 - INFO - Vérification du chemin : import mysql.connector
2024-11-21 00:38:01,433 - ERROR - Fichier invalide ou introuvable : import mysql.connector
2024-11-21 00:38:01,433 - INFO - Vérification du chemin : from mysql.connector import Error
2024-11-21 00:38:01,433 - ERROR - Fichier invalide ou introuvable : from mysql.connector import Error
2024-11-21 00:38:01,433 - INFO - Vérification du chemin : import logging
2024-11-21 00:38:01,433 - ERROR - Fichier invalide ou introuvable : import logging
2024-11-21 00:38:01,433 - INFO - Vérification du chemin : import subprocess
2024-11-21 00:38:01,433 - ERROR - Fichier invalide ou introuvable : import subprocess
2024-11-21 00:38:01,433 - INFO - Vérification du chemin : 
2024-11-21 00:38:01,433 - ERROR - Fichier invalide ou introuvable : 
2024-11-21 00:38:01,433 - INFO - Vérification du chemin : # Configuration des logs
2024-11-21 00:38:01,433 - ERROR - Fichier invalide ou introuvable : # Configuration des logs
2024-11-21 00:38:01,433 - INFO - Vérification du chemin : logging.basicConfig(
2024-11-21 00:38:01,433 - ERROR - Fichier invalide ou introuvable : logging.basicConfig(
2024-11-21 00:38:01,433 - INFO - Vérification du chemin :     filename="file_execution.log",
2024-11-21 00:38:01,433 - ERROR - Fichier invalide ou introuvable :     filename="file_execution.log",
2024-11-21 00:38:01,434 - INFO - Vérification du chemin :     level=logging.INFO,
2024-11-21 00:38:01,434 - ERROR - Fichier invalide ou introuvable :     level=logging.INFO,
2024-11-21 00:38:01,434 - INFO - Vérification du chemin :     format="%(asctime)s - %(levelname)s - %(message)s"
2024-11-21 00:38:01,434 - ERROR - Fichier invalide ou introuvable :     format="%(asctime)s - %(levelname)s - %(message)s"
2024-11-21 00:38:01,434 - INFO - Vérification du chemin : )
2024-11-21 00:38:01,434 - ERROR - Fichier invalide ou introuvable : )
2024-11-21 00:38:01,434 - INFO - Vérification du chemin : 
2024-11-21 00:38:01,434 - ERROR - Fichier invalide ou introuvable : 
2024-11-21 00:38:01,434 - INFO - Vérification du chemin : # Configuration pour la connexion sécurisée
2024-11-21 00:38:01,434 - ERROR - Fichier invalide ou introuvable : # Configuration pour la connexion sécurisée
2024-11-21 00:38:01,434 - INFO - Vérification du chemin : db_config = {
2024-11-21 00:38:01,434 - ERROR - Fichier invalide ou introuvable : db_config = {
2024-11-21 00:38:01,434 - INFO - Vérification du chemin :     'user': 'nouvel_utilisateur',
2024-11-21 00:38:01,434 - ERROR - Fichier invalide ou introuvable :     'user': 'nouvel_utilisateur',
2024-11-21 00:38:01,434 - INFO - Vérification du chemin :     'password': 'MotDePasse_123!',
2024-11-21 00:38:01,434 - ERROR - Fichier invalide ou introuvable :     'password': 'MotDePasse_123!',
2024-11-21 00:38:01,435 - INFO - Vérification du chemin :     'host': '127.0.0.1',  # Adresse IP de WSL
2024-11-21 00:38:01,435 - ERROR - Fichier invalide ou introuvable :     'host': '127.0.0.1',  # Adresse IP de WSL
2024-11-21 00:38:01,435 - INFO - Vérification du chemin :     'database': 'BDD_Antivirus',
2024-11-21 00:38:01,435 - ERROR - Fichier invalide ou introuvable :     'database': 'BDD_Antivirus',
2024-11-21 00:38:01,435 - INFO - Vérification du chemin :     'port': 3306,
2024-11-21 00:38:01,435 - ERROR - Fichier invalide ou introuvable :     'port': 3306,
2024-11-21 00:38:01,435 - INFO - Vérification du chemin :     'ssl_ca': '/etc/mysql/certs/ca.pem',
2024-11-21 00:38:01,435 - ERROR - Fichier invalide ou introuvable :     'ssl_ca': '/etc/mysql/certs/ca.pem',
2024-11-21 00:38:01,435 - INFO - Vérification du chemin :     'ssl_cert': '/etc/mysql/certs/client-cert.pem',
2024-11-21 00:38:01,435 - ERROR - Fichier invalide ou introuvable :     'ssl_cert': '/etc/mysql/certs/client-cert.pem',
2024-11-21 00:38:01,435 - INFO - Vérification du chemin :     'ssl_key': '/etc/mysql/certs/client-key.pem'
2024-11-21 00:38:01,435 - ERROR - Fichier invalide ou introuvable :     'ssl_key': '/etc/mysql/certs/client-key.pem'
2024-11-21 00:38:01,435 - INFO - Vérification du chemin : }
2024-11-21 00:38:01,435 - ERROR - Fichier invalide ou introuvable : }
2024-11-21 00:38:01,435 - INFO - Vérification du chemin : 
2024-11-21 00:38:01,435 - ERROR - Fichier invalide ou introuvable : 
2024-11-21 00:38:01,435 - INFO - Vérification du chemin : 
2024-11-21 00:38:01,435 - ERROR - Fichier invalide ou introuvable : 
2024-11-21 00:38:01,435 - INFO - Vérification du chemin : 
2024-11-21 00:38:01,435 - ERROR - Fichier invalide ou introuvable : 
2024-11-21 00:38:01,436 - INFO - Vérification du chemin : 
2024-11-21 00:38:01,436 - ERROR - Fichier invalide ou introuvable : 
2024-11-21 00:38:01,436 - INFO - Vérification du chemin : def convert_windows_path_to_wsl(path):
2024-11-21 00:38:01,436 - ERROR - Fichier invalide ou introuvable : def convert_windows_path_to_wsl(path):
2024-11-21 00:38:01,436 - INFO - Vérification du chemin :     """
2024-11-21 00:38:01,436 - ERROR - Fichier invalide ou introuvable :     """
2024-11-21 00:38:01,436 - INFO - Vérification du chemin :     Convertit un chemin Windows en chemin compatible WSL.
2024-11-21 00:38:01,436 - ERROR - Fichier invalide ou introuvable :     Convertit un chemin Windows en chemin compatible WSL.
2024-11-21 00:38:01,436 - INFO - Vérification du chemin :     """
2024-11-21 00:38:01,436 - ERROR - Fichier invalide ou introuvable :     """
2024-11-21 00:38:01,436 - INFO - Vérification du chemin :     if path.startswith("\\\\wsl.localhost\\Ubuntu\\"):
2024-11-21 00:38:01,436 - ERROR - Fichier invalide ou introuvable :     if path.startswith("\\\\wsl.localhost\\Ubuntu\\"):
2024-11-21 00:38:01,436 - INFO - Vérification du chemin :         converted_path = path.replace("\\\\wsl.localhost\\Ubuntu\\", "/").replace("\\", "/")
2024-11-21 00:38:01,437 - ERROR - Fichier invalide ou introuvable :         converted_path = path.replace("\\\\wsl.localhost\\Ubuntu\\", "/").replace("\\", "/")
2024-11-21 00:38:01,437 - INFO - Vérification du chemin :         print(f"Chemin converti pour WSL : {converted_path}")
2024-11-21 00:38:01,437 - ERROR - Fichier invalide ou introuvable :         print(f"Chemin converti pour WSL : {converted_path}")
2024-11-21 00:38:01,437 - INFO - Vérification du chemin :         return converted_path
2024-11-21 00:38:01,437 - ERROR - Fichier invalide ou introuvable :         return converted_path
2024-11-21 00:38:01,437 - INFO - Vérification du chemin :     return path
2024-11-21 00:38:01,437 - ERROR - Fichier invalide ou introuvable :     return path
2024-11-21 00:38:01,437 - INFO - Vérification du chemin : 
2024-11-21 00:38:01,437 - ERROR - Fichier invalide ou introuvable : 
2024-11-21 00:38:01,437 - INFO - Vérification du chemin : 
2024-11-21 00:38:01,437 - ERROR - Fichier invalide ou introuvable : 
2024-11-21 00:38:01,437 - INFO - Vérification du chemin : def get_file_hash(file_path):
2024-11-21 00:38:01,437 - ERROR - Fichier invalide ou introuvable : def get_file_hash(file_path):
2024-11-21 00:38:01,437 - INFO - Vérification du chemin :     """
2024-11-21 00:38:01,437 - ERROR - Fichier invalide ou introuvable :     """
2024-11-21 00:38:01,437 - INFO - Vérification du chemin :     Calcule le hash SHA-256 d'un fichier.
2024-11-21 00:38:01,437 - ERROR - Fichier invalide ou introuvable :     Calcule le hash SHA-256 d'un fichier.
2024-11-21 00:38:01,437 - INFO - Vérification du chemin :     """
2024-11-21 00:38:01,437 - ERROR - Fichier invalide ou introuvable :     """
2024-11-21 00:38:01,437 - INFO - Vérification du chemin :     try:
2024-11-21 00:38:01,438 - ERROR - Fichier invalide ou introuvable :     try:
2024-11-21 00:38:01,438 - INFO - Vérification du chemin :         sha256_hash = hashlib.sha256()
2024-11-21 00:38:01,438 - ERROR - Fichier invalide ou introuvable :         sha256_hash = hashlib.sha256()
2024-11-21 00:38:01,438 - INFO - Vérification du chemin :         with open(file_path, "rb") as f:
2024-11-21 00:38:01,438 - ERROR - Fichier invalide ou introuvable :         with open(file_path, "rb") as f:
2024-11-21 00:38:01,438 - INFO - Vérification du chemin :             for byte_block in iter(lambda: f.read(4096), b""):
2024-11-21 00:38:01,438 - ERROR - Fichier invalide ou introuvable :             for byte_block in iter(lambda: f.read(4096), b""):
2024-11-21 00:38:01,438 - INFO - Vérification du chemin :                 sha256_hash.update(byte_block)
2024-11-21 00:38:01,438 - ERROR - Fichier invalide ou introuvable :                 sha256_hash.update(byte_block)
2024-11-21 00:38:01,438 - INFO - Vérification du chemin :         return sha256_hash.hexdigest()
2024-11-21 00:38:01,438 - ERROR - Fichier invalide ou introuvable :         return sha256_hash.hexdigest()
2024-11-21 00:38:01,438 - INFO - Vérification du chemin :     except FileNotFoundError:
2024-11-21 00:38:01,438 - ERROR - Fichier invalide ou introuvable :     except FileNotFoundError:
2024-11-21 00:38:01,438 - INFO - Vérification du chemin :         logging.error(f"Le fichier {file_path} est introuvable.")
2024-11-21 00:38:01,438 - ERROR - Fichier invalide ou introuvable :         logging.error(f"Le fichier {file_path} est introuvable.")
2024-11-21 00:38:01,438 - INFO - Vérification du chemin :         print(f"Erreur : Le fichier {file_path} est introuvable.")
2024-11-21 00:38:01,438 - ERROR - Fichier invalide ou introuvable :         print(f"Erreur : Le fichier {file_path} est introuvable.")
2024-11-21 00:38:01,439 - INFO - Vérification du chemin :         return None
2024-11-21 00:38:01,439 - ERROR - Fichier invalide ou introuvable :         return None
2024-11-21 00:38:01,439 - INFO - Vérification du chemin :     except Exception as e:
2024-11-21 00:38:01,439 - ERROR - Fichier invalide ou introuvable :     except Exception as e:
2024-11-21 00:38:01,439 - INFO - Vérification du chemin :         logging.error(f"Erreur lors du calcul du hash pour {file_path} : {e}")
2024-11-21 00:38:01,439 - ERROR - Fichier invalide ou introuvable :         logging.error(f"Erreur lors du calcul du hash pour {file_path} : {e}")
2024-11-21 00:38:01,439 - INFO - Vérification du chemin :         print(f"Erreur lors du calcul du hash pour {file_path} : {e}")
2024-11-21 00:38:01,439 - ERROR - Fichier invalide ou introuvable :         print(f"Erreur lors du calcul du hash pour {file_path} : {e}")
2024-11-21 00:38:01,439 - INFO - Vérification du chemin :         return None
2024-11-21 00:38:01,439 - ERROR - Fichier invalide ou introuvable :         return None
2024-11-21 00:38:01,439 - INFO - Vérification du chemin : 
2024-11-21 00:38:01,439 - ERROR - Fichier invalide ou introuvable : 
2024-11-21 00:38:01,439 - INFO - Vérification du chemin : 
2024-11-21 00:38:01,439 - ERROR - Fichier invalide ou introuvable : 
2024-11-21 00:38:01,439 - INFO - Vérification du chemin : def check_file_in_db(file_hash):
2024-11-21 00:38:01,439 - ERROR - Fichier invalide ou introuvable : def check_file_in_db(file_hash):
2024-11-21 00:38:01,439 - INFO - Vérification du chemin :     """
2024-11-21 00:38:01,439 - ERROR - Fichier invalide ou introuvable :     """
2024-11-21 00:38:01,440 - INFO - Vérification du chemin :     Vérifie si le hash du fichier existe dans la base de données.
2024-11-21 00:38:01,440 - ERROR - Fichier invalide ou introuvable :     Vérifie si le hash du fichier existe dans la base de données.
2024-11-21 00:38:01,440 - INFO - Vérification du chemin :     """
2024-11-21 00:38:01,440 - ERROR - Fichier invalide ou introuvable :     """
2024-11-21 00:38:01,440 - INFO - Vérification du chemin :     try:
2024-11-21 00:38:01,440 - ERROR - Fichier invalide ou introuvable :     try:
2024-11-21 00:38:01,440 - INFO - Vérification du chemin :         connection = mysql.connector.connect(**db_config)
2024-11-21 00:38:01,440 - ERROR - Fichier invalide ou introuvable :         connection = mysql.connector.connect(**db_config)
2024-11-21 00:38:01,440 - INFO - Vérification du chemin :         cursor = connection.cursor(dictionary=True)
2024-11-21 00:38:01,440 - ERROR - Fichier invalide ou introuvable :         cursor = connection.cursor(dictionary=True)
2024-11-21 00:38:01,440 - INFO - Vérification du chemin : 
2024-11-21 00:38:01,440 - ERROR - Fichier invalide ou introuvable : 
2024-11-21 00:38:01,440 - INFO - Vérification du chemin :         # Vérification du fichier dans la base
2024-11-21 00:38:01,440 - ERROR - Fichier invalide ou introuvable :         # Vérification du fichier dans la base
2024-11-21 00:38:01,440 - INFO - Vérification du chemin :         query = "SELECT description FROM Hash_256 WHERE file_hash = %s"
2024-11-21 00:38:01,440 - ERROR - Fichier invalide ou introuvable :         query = "SELECT description FROM Hash_256 WHERE file_hash = %s"
2024-11-21 00:38:01,440 - INFO - Vérification du chemin :         cursor.execute(query, (file_hash,))
2024-11-21 00:38:01,440 - ERROR - Fichier invalide ou introuvable :         cursor.execute(query, (file_hash,))
2024-11-21 00:38:01,440 - INFO - Vérification du chemin :         result = cursor.fetchone()
2024-11-21 00:38:01,440 - ERROR - Fichier invalide ou introuvable :         result = cursor.fetchone()
2024-11-21 00:38:01,441 - INFO - Vérification du chemin :         if result:
2024-11-21 00:38:01,441 - ERROR - Fichier invalide ou introuvable :         if result:
2024-11-21 00:38:01,441 - INFO - Vérification du chemin :             return {"status": "blocked", "description": result["description"]}
2024-11-21 00:38:01,441 - ERROR - Fichier invalide ou introuvable :             return {"status": "blocked", "description": result["description"]}
2024-11-21 00:38:01,441 - INFO - Vérification du chemin :         else:
2024-11-21 00:38:01,441 - ERROR - Fichier invalide ou introuvable :         else:
2024-11-21 00:38:01,441 - INFO - Vérification du chemin :             return {"status": "allowed"}
2024-11-21 00:38:01,441 - ERROR - Fichier invalide ou introuvable :             return {"status": "allowed"}
2024-11-21 00:38:01,441 - INFO - Vérification du chemin :     except Error as e:
2024-11-21 00:38:01,441 - ERROR - Fichier invalide ou introuvable :     except Error as e:
2024-11-21 00:38:01,441 - INFO - Vérification du chemin :         logging.error(f"Erreur lors de la connexion à la base de données : {e}")
2024-11-21 00:38:01,441 - ERROR - Fichier invalide ou introuvable :         logging.error(f"Erreur lors de la connexion à la base de données : {e}")
2024-11-21 00:38:01,441 - INFO - Vérification du chemin :         print(f"Erreur lors de la connexion à la base de données : {e}")
2024-11-21 00:38:01,441 - ERROR - Fichier invalide ou introuvable :         print(f"Erreur lors de la connexion à la base de données : {e}")
2024-11-21 00:38:01,441 - INFO - Vérification du chemin :         return {"status": "error", "message": str(e)}
2024-11-21 00:38:01,441 - ERROR - Fichier invalide ou introuvable :         return {"status": "error", "message": str(e)}
2024-11-21 00:38:01,442 - INFO - Vérification du chemin :     finally:
2024-11-21 00:38:01,442 - ERROR - Fichier invalide ou introuvable :     finally:
2024-11-21 00:38:01,442 - INFO - Vérification du chemin :         if 'cursor' in locals():
2024-11-21 00:38:01,442 - ERROR - Fichier invalide ou introuvable :         if 'cursor' in locals():
2024-11-21 00:38:01,442 - INFO - Vérification du chemin :             cursor.close()
2024-11-21 00:38:01,442 - ERROR - Fichier invalide ou introuvable :             cursor.close()
2024-11-21 00:38:01,442 - INFO - Vérification du chemin :         if 'connection' in locals() and connection.is_connected():
2024-11-21 00:38:01,442 - ERROR - Fichier invalide ou introuvable :         if 'connection' in locals() and connection.is_connected():
2024-11-21 00:38:01,442 - INFO - Vérification du chemin :             connection.close()
2024-11-21 00:38:01,442 - ERROR - Fichier invalide ou introuvable :             connection.close()
2024-11-21 00:38:01,442 - INFO - Vérification du chemin : 
2024-11-21 00:38:01,442 - ERROR - Fichier invalide ou introuvable : 
2024-11-21 00:38:01,442 - INFO - Vérification du chemin : 
2024-11-21 00:38:01,442 - ERROR - Fichier invalide ou introuvable : 
2024-11-21 00:38:01,442 - INFO - Vérification du chemin : def block_execution(file_path):
2024-11-21 00:38:01,442 - ERROR - Fichier invalide ou introuvable : def block_execution(file_path):
2024-11-21 00:38:01,442 - INFO - Vérification du chemin :     """
2024-11-21 00:38:01,442 - ERROR - Fichier invalide ou introuvable :     """
2024-11-21 00:38:01,442 - INFO - Vérification du chemin :     Change l'extension du fichier pour empêcher son exécution.
2024-11-21 00:38:01,442 - ERROR - Fichier invalide ou introuvable :     Change l'extension du fichier pour empêcher son exécution.
2024-11-21 00:38:01,443 - INFO - Vérification du chemin :     """
2024-11-21 00:38:01,443 - ERROR - Fichier invalide ou introuvable :     """
2024-11-21 00:38:01,443 - INFO - Vérification du chemin :     try:
2024-11-21 00:38:01,443 - ERROR - Fichier invalide ou introuvable :     try:
2024-11-21 00:38:01,443 - INFO - Vérification du chemin :         # Ajouter une extension pour rendre le fichier non exécutable
2024-11-21 00:38:01,443 - ERROR - Fichier invalide ou introuvable :         # Ajouter une extension pour rendre le fichier non exécutable
2024-11-21 00:38:01,443 - INFO - Vérification du chemin :         new_path = file_path + ".blocked"
2024-11-21 00:38:01,443 - ERROR - Fichier invalide ou introuvable :         new_path = file_path + ".blocked"
2024-11-21 00:38:01,443 - INFO - Vérification du chemin :         os.rename(file_path, new_path)
2024-11-21 00:38:01,443 - ERROR - Fichier invalide ou introuvable :         os.rename(file_path, new_path)
2024-11-21 00:38:01,443 - INFO - Vérification du chemin :         print(f"Extension changée : {file_path} -> {new_path}")
2024-11-21 00:38:01,443 - ERROR - Fichier invalide ou introuvable :         print(f"Extension changée : {file_path} -> {new_path}")
2024-11-21 00:38:01,443 - INFO - Vérification du chemin :         logging.info(f"Extension changée pour bloquer l'exécution : {file_path} -> {new_path}")
2024-11-21 00:38:01,443 - ERROR - Fichier invalide ou introuvable :         logging.info(f"Extension changée pour bloquer l'exécution : {file_path} -> {new_path}")
2024-11-21 00:38:01,443 - INFO - Vérification du chemin :     except FileNotFoundError:
2024-11-21 00:38:01,443 - ERROR - Fichier invalide ou introuvable :     except FileNotFoundError:
2024-11-21 00:38:01,443 - INFO - Vérification du chemin :         print(f"Erreur : Le fichier spécifié est introuvable ({file_path}).")
2024-11-21 00:38:01,443 - ERROR - Fichier invalide ou introuvable :         print(f"Erreur : Le fichier spécifié est introuvable ({file_path}).")
2024-11-21 00:38:01,444 - INFO - Vérification du chemin :         logging.error(f"Le fichier spécifié est introuvable : {file_path}")
2024-11-21 00:38:01,444 - ERROR - Fichier invalide ou introuvable :         logging.error(f"Le fichier spécifié est introuvable : {file_path}")
2024-11-21 00:38:01,444 - INFO - Vérification du chemin :     except Exception as e:
2024-11-21 00:38:01,444 - ERROR - Fichier invalide ou introuvable :     except Exception as e:
2024-11-21 00:38:01,444 - INFO - Vérification du chemin :         print(f"Erreur inattendue lors du changement d'extension : {e}")
2024-11-21 00:38:01,444 - ERROR - Fichier invalide ou introuvable :         print(f"Erreur inattendue lors du changement d'extension : {e}")
2024-11-21 00:38:01,444 - INFO - Vérification du chemin :         logging.error(f"Erreur inattendue lors du changement d'extension pour {file_path} : {e}")
2024-11-21 00:38:01,444 - ERROR - Fichier invalide ou introuvable :         logging.error(f"Erreur inattendue lors du changement d'extension pour {file_path} : {e}")
2024-11-21 00:38:01,444 - INFO - Vérification du chemin : 
2024-11-21 00:38:01,444 - ERROR - Fichier invalide ou introuvable : 
2024-11-21 00:38:01,445 - INFO - Vérification du chemin : 
2024-11-21 00:38:01,445 - ERROR - Fichier invalide ou introuvable : 
2024-11-21 00:38:01,445 - INFO - Vérification du chemin : 
2024-11-21 00:38:01,445 - ERROR - Fichier invalide ou introuvable : 
2024-11-21 00:38:01,445 - INFO - Vérification du chemin : def execute_file(file_path):
2024-11-21 00:38:01,445 - ERROR - Fichier invalide ou introuvable : def execute_file(file_path):
2024-11-21 00:38:01,445 - INFO - Vérification du chemin :     """
2024-11-21 00:38:01,445 - ERROR - Fichier invalide ou introuvable :     """
2024-11-21 00:38:01,445 - INFO - Vérification du chemin :     Vérifie le hash du fichier avant de l'exécuter.
2024-11-21 00:38:01,445 - ERROR - Fichier invalide ou introuvable :     Vérifie le hash du fichier avant de l'exécuter.
2024-11-21 00:38:01,445 - INFO - Vérification du chemin :     Si malveillant, les permissions d'exécution sont révoquées.
2024-11-21 00:38:01,445 - ERROR - Fichier invalide ou introuvable :     Si malveillant, les permissions d'exécution sont révoquées.
2024-11-21 00:38:01,445 - INFO - Vérification du chemin :     """
2024-11-21 00:38:01,445 - ERROR - Fichier invalide ou introuvable :     """
2024-11-21 00:38:01,445 - INFO - Vérification du chemin :     # Convertir le chemin si nécessaire
2024-11-21 00:38:01,445 - ERROR - Fichier invalide ou introuvable :     # Convertir le chemin si nécessaire
2024-11-21 00:38:01,445 - INFO - Vérification du chemin :     file_path = convert_windows_path_to_wsl(file_path)
2024-11-21 00:38:01,446 - ERROR - Fichier invalide ou introuvable :     file_path = convert_windows_path_to_wsl(file_path)
2024-11-21 00:38:01,446 - INFO - Vérification du chemin :     print(f"Chemin converti pour WSL : {file_path}")
2024-11-21 00:38:01,446 - ERROR - Fichier invalide ou introuvable :     print(f"Chemin converti pour WSL : {file_path}")
2024-11-21 00:38:01,446 - INFO - Vérification du chemin : 
2024-11-21 00:38:01,446 - ERROR - Fichier invalide ou introuvable : 
2024-11-21 00:38:01,446 - INFO - Vérification du chemin :     # Vérification explicite avec os.path.exists
2024-11-21 00:38:01,446 - ERROR - Fichier invalide ou introuvable :     # Vérification explicite avec os.path.exists
2024-11-21 00:38:01,446 - INFO - Vérification du chemin :     print(f"Vérification du chemin (Python) : {os.path.exists(file_path)}")
2024-11-21 00:38:01,446 - ERROR - Fichier invalide ou introuvable :     print(f"Vérification du chemin (Python) : {os.path.exists(file_path)}")
2024-11-21 00:38:01,446 - INFO - Vérification du chemin :     logging.info(f"Vérification du chemin : {file_path}")
2024-11-21 00:38:01,446 - ERROR - Fichier invalide ou introuvable :     logging.info(f"Vérification du chemin : {file_path}")
2024-11-21 00:38:01,446 - INFO - Vérification du chemin : 
2024-11-21 00:38:01,446 - ERROR - Fichier invalide ou introuvable : 
2024-11-21 00:38:01,446 - INFO - Vérification du chemin :     # Vérification du fichier
2024-11-21 00:38:01,446 - ERROR - Fichier invalide ou introuvable :     # Vérification du fichier
2024-11-21 00:38:01,446 - INFO - Vérification du chemin :     if not os.path.exists(file_path):
2024-11-21 00:38:01,446 - ERROR - Fichier invalide ou introuvable :     if not os.path.exists(file_path):
2024-11-21 00:38:01,446 - INFO - Vérification du chemin :         print(f"Erreur : {file_path} n'existe pas ou n'est pas un fichier exécutable.")
2024-11-21 00:38:01,446 - ERROR - Fichier invalide ou introuvable :         print(f"Erreur : {file_path} n'existe pas ou n'est pas un fichier exécutable.")
2024-11-21 00:38:01,447 - INFO - Vérification du chemin :         logging.error(f"Fichier invalide ou introuvable : {file_path}")
2024-11-21 00:38:01,447 - ERROR - Fichier invalide ou introuvable :         logging.error(f"Fichier invalide ou introuvable : {file_path}")
2024-11-21 00:38:01,447 - INFO - Vérification du chemin :         return
2024-11-21 00:38:01,447 - ERROR - Fichier invalide ou introuvable :         return
2024-11-21 00:38:01,447 - INFO - Vérification du chemin : 
2024-11-21 00:38:01,447 - ERROR - Fichier invalide ou introuvable : 
2024-11-21 00:38:01,447 - INFO - Vérification du chemin :     # Calcul du hash
2024-11-21 00:38:01,447 - ERROR - Fichier invalide ou introuvable :     # Calcul du hash
2024-11-21 00:38:01,447 - INFO - Vérification du chemin :     file_hash = get_file_hash(file_path)
2024-11-21 00:38:01,447 - ERROR - Fichier invalide ou introuvable :     file_hash = get_file_hash(file_path)
2024-11-21 00:38:01,447 - INFO - Vérification du chemin :     if not file_hash:
2024-11-21 00:38:01,447 - ERROR - Fichier invalide ou introuvable :     if not file_hash:
2024-11-21 00:38:01,447 - INFO - Vérification du chemin :         print("Erreur : Impossible de calculer le hash du fichier.")
2024-11-21 00:38:01,447 - ERROR - Fichier invalide ou introuvable :         print("Erreur : Impossible de calculer le hash du fichier.")
2024-11-21 00:38:01,447 - INFO - Vérification du chemin :         return
2024-11-21 00:38:01,447 - ERROR - Fichier invalide ou introuvable :         return
2024-11-21 00:38:01,447 - INFO - Vérification du chemin : 
2024-11-21 00:38:01,447 - ERROR - Fichier invalide ou introuvable : 
2024-11-21 00:38:01,448 - INFO - Vérification du chemin :     # Vérification dans la base de données
2024-11-21 00:38:01,448 - ERROR - Fichier invalide ou introuvable :     # Vérification dans la base de données
2024-11-21 00:38:01,448 - INFO - Vérification du chemin :     result = check_file_in_db(file_hash)
2024-11-21 00:38:01,448 - ERROR - Fichier invalide ou introuvable :     result = check_file_in_db(file_hash)
2024-11-21 00:38:01,448 - INFO - Vérification du chemin :     if result["status"] == "blocked":
2024-11-21 00:38:01,448 - ERROR - Fichier invalide ou introuvable :     if result["status"] == "blocked":
2024-11-21 00:38:01,448 - INFO - Vérification du chemin :         print(f"ALERTE : Ce fichier est identifié comme malveillant et ne peut pas être exécuté.")
2024-11-21 00:38:01,448 - ERROR - Fichier invalide ou introuvable :         print(f"ALERTE : Ce fichier est identifié comme malveillant et ne peut pas être exécuté.")
2024-11-21 00:38:01,448 - INFO - Vérification du chemin :         print(f"Raison : {result['description']}")
2024-11-21 00:38:01,448 - ERROR - Fichier invalide ou introuvable :         print(f"Raison : {result['description']}")
2024-11-21 00:38:01,448 - INFO - Vérification du chemin :         logging.warning(f"Exécution bloquée pour {file_path} : {result['description']}")
2024-11-21 00:38:01,448 - ERROR - Fichier invalide ou introuvable :         logging.warning(f"Exécution bloquée pour {file_path} : {result['description']}")
2024-11-21 00:38:01,449 - INFO - Vérification du chemin :         # Révoquer les permissions d'exécution
2024-11-21 00:38:01,449 - ERROR - Fichier invalide ou introuvable :         # Révoquer les permissions d'exécution
2024-11-21 00:38:01,449 - INFO - Vérification du chemin :         block_execution(file_path)
2024-11-21 00:38:01,449 - ERROR - Fichier invalide ou introuvable :         block_execution(file_path)
2024-11-21 00:38:01,449 - INFO - Vérification du chemin :     elif result["status"] == "allowed":
2024-11-21 00:38:01,449 - ERROR - Fichier invalide ou introuvable :     elif result["status"] == "allowed":
2024-11-21 00:38:01,449 - INFO - Vérification du chemin :         print(f"Le fichier est sûr. Exécution en cours...")
2024-11-21 00:38:01,449 - ERROR - Fichier invalide ou introuvable :         print(f"Le fichier est sûr. Exécution en cours...")
2024-11-21 00:38:01,449 - INFO - Vérification du chemin :         logging.info(f"Exécution autorisée pour {file_path}")
2024-11-21 00:38:01,449 - ERROR - Fichier invalide ou introuvable :         logging.info(f"Exécution autorisée pour {file_path}")
2024-11-21 00:38:01,450 - INFO - Vérification du chemin :         try:
2024-11-21 00:38:01,450 - ERROR - Fichier invalide ou introuvable :         try:
2024-11-21 00:38:01,450 - INFO - Vérification du chemin :             # Exécuter le fichier
2024-11-21 00:38:01,450 - ERROR - Fichier invalide ou introuvable :             # Exécuter le fichier
2024-11-21 00:38:01,450 - INFO - Vérification du chemin :             subprocess.run(file_path, check=True)
2024-11-21 00:38:01,450 - ERROR - Fichier invalide ou introuvable :             subprocess.run(file_path, check=True)
2024-11-21 00:38:01,450 - INFO - Vérification du chemin :         except subprocess.CalledProcessError as e:
2024-11-21 00:38:01,450 - ERROR - Fichier invalide ou introuvable :         except subprocess.CalledProcessError as e:
2024-11-21 00:38:01,450 - INFO - Vérification du chemin :             logging.error(f"Erreur lors de l'exécution du fichier {file_path} : {e}")
2024-11-21 00:38:01,450 - ERROR - Fichier invalide ou introuvable :             logging.error(f"Erreur lors de l'exécution du fichier {file_path} : {e}")
2024-11-21 00:38:01,451 - INFO - Vérification du chemin :             print(f"Erreur lors de l'exécution du fichier.")
2024-11-21 00:38:01,451 - ERROR - Fichier invalide ou introuvable :             print(f"Erreur lors de l'exécution du fichier.")
2024-11-21 00:38:01,451 - INFO - Vérification du chemin :     else:
2024-11-21 00:38:01,451 - ERROR - Fichier invalide ou introuvable :     else:
2024-11-21 00:38:01,451 - INFO - Vérification du chemin :         print(f"Erreur lors de la vérification de la base de données : {result['message']}")
2024-11-21 00:38:01,451 - ERROR - Fichier invalide ou introuvable :         print(f"Erreur lors de la vérification de la base de données : {result['message']}")
2024-11-21 00:38:01,451 - INFO - Vérification du chemin : 
2024-11-21 00:38:01,451 - ERROR - Fichier invalide ou introuvable : 
2024-11-21 00:38:01,451 - INFO - Vérification du chemin : 
2024-11-21 00:38:01,451 - ERROR - Fichier invalide ou introuvable : 
2024-11-21 00:38:01,451 - INFO - Vérification du chemin : def main():
2024-11-21 00:38:01,451 - ERROR - Fichier invalide ou introuvable : def main():
2024-11-21 00:38:01,451 - INFO - Vérification du chemin :     """
2024-11-21 00:38:01,451 - ERROR - Fichier invalide ou introuvable :     """
2024-11-21 00:38:01,451 - INFO - Vérification du chemin :     Programme principal pour vérifier et exécuter un fichier.
2024-11-21 00:38:01,451 - ERROR - Fichier invalide ou introuvable :     Programme principal pour vérifier et exécuter un fichier.
2024-11-21 00:38:01,451 - INFO - Vérification du chemin :     """
2024-11-21 00:38:01,451 - ERROR - Fichier invalide ou introuvable :     """
2024-11-21 00:38:01,451 - INFO - Vérification du chemin :     while True:
2024-11-21 00:38:01,451 - ERROR - Fichier invalide ou introuvable :     while True:
2024-11-21 00:38:01,452 - INFO - Vérification du chemin :         file_path = input("\nEntrez le chemin complet du fichier exécutable à vérifier (ou 'q' pour quitter) : ")
2024-11-21 00:38:01,452 - ERROR - Fichier invalide ou introuvable :         file_path = input("\nEntrez le chemin complet du fichier exécutable à vérifier (ou 'q' pour quitter) : ")
2024-11-21 00:38:01,452 - INFO - Vérification du chemin : 
2024-11-21 00:38:01,452 - ERROR - Fichier invalide ou introuvable : 
2024-11-21 00:38:01,452 - INFO - Vérification du chemin : 
2024-11-21 00:38:01,452 - ERROR - Fichier invalide ou introuvable : 
2024-11-21 00:38:01,452 - INFO - Vérification du chemin :         if file_path.lower() == 'q':
2024-11-21 00:38:01,452 - ERROR - Fichier invalide ou introuvable :         if file_path.lower() == 'q':
2024-11-21 00:38:01,452 - INFO - Vérification du chemin :             print("Programme terminé.")
2024-11-21 00:38:01,452 - ERROR - Fichier invalide ou introuvable :             print("Programme terminé.")
2024-11-21 00:38:01,452 - INFO - Vérification du chemin :             break
2024-11-21 00:38:01,452 - ERROR - Fichier invalide ou introuvable :             break
2024-11-21 00:38:01,452 - INFO - Vérification du chemin : 
2024-11-21 00:38:01,452 - ERROR - Fichier invalide ou introuvable : 
2024-11-21 00:38:01,452 - INFO - Vérification du chemin :         execute_file(file_path)
2024-11-21 00:38:01,452 - ERROR - Fichier invalide ou introuvable :         execute_file(file_path)
2024-11-21 00:38:01,452 - INFO - Vérification du chemin : 
2024-11-21 00:38:01,452 - ERROR - Fichier invalide ou introuvable : 
2024-11-21 00:38:01,453 - INFO - Vérification du chemin : 
2024-11-21 00:38:01,453 - ERROR - Fichier invalide ou introuvable : 
2024-11-21 00:38:01,453 - INFO - Vérification du chemin : if __name__ == "__main__":
2024-11-21 00:38:01,453 - ERROR - Fichier invalide ou introuvable : if __name__ == "__main__":
2024-11-21 00:38:12,483 - INFO - Vérification du chemin :     main()"C:\Users\User\Downloads\minikube-installer.exe"
2024-11-21 00:38:12,483 - ERROR - Fichier invalide ou introuvable :     main()"C:\Users\User\Downloads\minikube-installer.exe"
2024-11-21 00:38:19,301 - INFO - Vérification du chemin : C:\Users\User\Downloads\minikube-installer.exe
2024-11-21 00:38:19,389 - ERROR - Erreur lors de la connexion à la base de données : 2026 (HY000): SSL connection error: Unable to get certificate
2024-11-21 00:42:51,004 - INFO - Vérification du chemin : C:\Users\User\Downloads\minikube-installer.exe
2024-11-21 00:42:51,090 - ERROR - Erreur lors de la connexion à la base de données : 2026 (HY000): SSL connection error: Unable to get certificate
2024-11-21 00:44:24,871 - INFO - Vérification du chemin : C:\Users\User\Downloads\minikube-installer.exe
2024-11-21 00:44:24,973 - ERROR - Erreur lors de la connexion à la base de données : 2026 (HY000): SSL connection error: Unable to get certificate
2024-11-21 01:08:41,804 - INFO - Vérification du chemin : minikube-installer.exe
2024-11-21 01:08:41,893 - ERROR - Erreur lors de la connexion à la base de données : 2026 (HY000): SSL connection error: Unable to get certificate
2024-11-21 01:12:31,298 - INFO - Vérification du chemin : minikube-installer.exe
2024-11-21 01:12:31,413 - WARNING - Exécution bloquée pour minikube-installer.exe : Fichier potentiellement dangereux
2024-11-21 01:12:31,414 - INFO - Extension changée pour bloquer l'exécution : minikube-installer.exe -> minikube-installer.exe.blocked
2024-11-21 02:05:47,603 - INFO - Vérification du chemin : mosquitto-2.0.20-install-windows-x64.exe
2024-11-21 02:05:49,736 - ERROR - Erreur lors de la connexion à la base de données : 2003 (HY000): Can't connect to MySQL server on '172.19.8.80:3306' (10061)
2024-11-21 02:08:28,633 - INFO - Vérification du chemin : mosquitto-2.0.20-install-windows-x64.exe
2024-11-21 02:08:28,729 - INFO - Exécution autorisée pour mosquitto-2.0.20-install-windows-x64.exe
2024-11-21 02:09:00,410 - INFO - Vérification du chemin : minikube-installer.exe
2024-11-21 02:09:00,503 - WARNING - Exécution bloquée pour minikube-installer.exe : Fichier potentiellement dangereux
2024-11-21 02:09:00,504 - INFO - Extension changée pour bloquer l'exécution : minikube-installer.exe -> minikube-installer.exe.blocked
2024-11-21 02:11:07,446 - INFO - Vérification du chemin : mosquitto-2.0.20-install-windows-x64.exe
2024-11-21 02:11:07,526 - INFO - Exécution autorisée pour mosquitto-2.0.20-install-windows-x64.exe
2024-11-21 02:15:01,721 - INFO - Vérification du chemin : mosquitto-2.0.20-install-windows-x64.exe
2024-11-21 02:15:02,016 - INFO - Exécution du fichier avec élévation : mosquitto-2.0.20-install-windows-x64.exe
2024-11-21 02:18:13,857 - INFO - Vérification du chemin : minikube-installer.exe
2024-11-21 02:18:13,955 - WARNING - Exécution bloquée pour minikube-installer.exe : Fichier potentiellement dangereux
2024-11-21 02:18:13,955 - INFO - Extension changée pour bloquer l'exécution : minikube-installer.exe -> minikube-installer.exe.blocked
2024-11-21 03:51:39,144 - INFO - Vérification du chemin : minikube-installer.exe
2024-11-21 03:51:39,340 - WARNING - Exécution bloquée pour minikube-installer.exe : Fichier potentiellement dangereux
2024-11-21 03:51:39,341 - INFO - Extension changée pour bloquer l'exécution : minikube-installer.exe -> minikube-installer.exe.blocked
2024-11-21 03:59:00,841 - INFO - Vérification du chemin : minikube-installer.exe
2024-11-21 03:59:00,901 - WARNING - Exécution bloquée pour minikube-installer.exe : Fichier potentiellement dangereux
2024-11-21 03:59:00,901 - INFO - Extension changée pour bloquer l'exécution : minikube-installer.exe -> minikube-installer.exe.blocked
2024-11-21 04:02:57,518 - INFO - Vérification du chemin : minikube-installer.exe
2024-11-21 04:02:57,617 - WARNING - Exécution bloquée pour minikube-installer.exe : Fichier potentiellement dangereux
2024-11-21 04:02:57,618 - INFO - Extension changée pour bloquer l'exécution : minikube-installer.exe -> minikube-installer.exe.blocked
2024-11-21 16:21:18,731 - INFO - Vérification du chemin : minikube-installer.exe
2024-11-21 16:21:18,996 - WARNING - Exécution bloquée pour minikube-installer.exe : Fichier potentiellement dangereux
2024-11-21 16:21:18,996 - INFO - Extension changée pour bloquer l'exécution : minikube-installer.exe -> minikube-installer.exe.blocked
2024-11-21 17:33:47,593 - INFO - Vérification du chemin : minikube-installer.exe
2024-11-21 17:33:47,882 - WARNING - Exécution bloquée pour minikube-installer.exe : Fichier potentiellement dangereux
2024-11-21 17:33:47,882 - INFO - Extension changée pour bloquer l'exécution : minikube-installer.exe -> minikube-installer.exe.blocked
2024-11-23 20:12:07,297 - INFO - Vérification du chemin : minikube-installer.exe
2024-11-23 20:12:07,600 - WARNING - Exécution bloquée pour minikube-installer.exe : Fichier potentiellement dangereux
2024-11-23 20:12:07,600 - INFO - Extension changée pour bloquer l'exécution : minikube-installer.exe -> minikube-installer.exe.blocked
2024-11-23 20:12:58,135 - INFO - Vérification du chemin : mosquitto-2.0.20-install-windows-x64.exe
2024-11-23 20:12:58,219 - INFO - Exécution autorisée pour mosquitto-2.0.20-install-windows-x64.exe
2024-11-23 21:08:39,784 - WARNING - Exécution bloquée pour minikube-installer.exe : Fichier potentiellement dangereux
2024-11-23 21:08:39,785 - INFO - Extension changée pour bloquer l'exécution : minikube-installer.exe -> minikube-installer.exe.blocked
2024-11-23 21:12:21,228 - WARNING - Exécution bloquée pour test-installer.exe : Fichier potentiellement dangereux
2024-11-23 21:12:21,229 - INFO - Extension changée pour bloquer l'exécution : test-installer.exe -> test-installer.exe.blocked
2024-11-24 19:56:09,053 - WARNING - Exécution bloquée pour test-installer.exe : Fichier potentiellement dangereux
2024-11-24 19:56:09,054 - INFO - Extension changée pour bloquer l'exécution : test-installer.exe -> test-installer.exe.blocked
2024-11-24 19:56:46,719 - WARNING - Exécution bloquée pour test-installer.exe : Fichier potentiellement dangereux
2024-11-24 19:56:46,719 - INFO - Extension changée pour bloquer l'exécution : test-installer.exe -> test-installer.exe.blocked
2024-11-24 19:57:05,044 - INFO - Fichier autorisé : mosquitto.exe
